File Path: D:\work\project-bd-backup\backups\lms\u704466700_deepak_20250721_202721.sql.zip
Full Path: D:\work\project-bd-backup\backups\lms\u704466700_deepak_20250721_202721.sql.zip
Backup Dir: D:\work\project-bd-backup\backups
Directory exists: Yes
File exists: Yes
File Path: D:\work\project-bd-backup\backups\lms\u704466700_deepak_20250721_202721.sql.zip
Full Path: 
Backup Dir: D:\work\project-bd-backup\backups
Directory exists: Yes
File exists: No
File Path: D:\work\project-bd-backup\backups\lms\u704466700_deepak_20250721_202721.sql.zip
Full Path: 
Backup Dir: D:\work\project-bd-backup\backups
Directory exists: Yes
File exists: No
File Path: D:\work\project-bd-backup\backups\lms\u704466700_deepak_20250721_200436.sql.zip
Full Path: D:\work\project-bd-backup\backups\lms\u704466700_deepak_20250721_200436.sql.zip
Backup Dir: D:\work\project-bd-backup\backups
Directory exists: Yes
File exists: Yes
File Path: D:\work\project-bd-backup\backups\default\u704466700_satging_20250721_203513.sql.zip
Full Path: D:\work\project-bd-backup\backups\default\u704466700_satging_20250721_203513.sql.zip
Backup Dir: D:\work\project-bd-backup\backups
Directory exists: Yes
File exists: Yes
File Path: D:\work\project-bd-backup\backups\default\u704466700_satging_20250721_203513.sql.zip
Full Path: 
Backup Dir: D:\work\project-bd-backup\backups
Directory exists: Yes
File exists: No
